<?xml version="1.0" encoding="utf-8" standalone="yes"?>
<coverage line-rate="0.5769230769230769" branch-rate="1" complexity="7" version="1.9" timestamp="1693923229" lines-covered="15" lines-valid="26">
  <packages>
    <package line-rate="0.5833333333333334" branch-rate="1" complexity="5" name="Calculator.Core">
      <classes>
        <class line-rate="0.5833333333333334" branch-rate="1" complexity="5" name="Calculator.Core.OperationCalculator" filename="/home/vsts/work/1/s/samples/Calculator/src/Calculator.Core/OperationCalculator.cs">
          <methods>
            <method line-rate="0.625" branch-rate="1" complexity="1" name="Calculate" signature="(string, double, double)">
              <lines>
                <line number="6" hits="1" branch="False" />
                <line number="7" hits="1" branch="False" />
                <line number="10" hits="1" branch="False" />
                <line number="12" hits="1" branch="False" />
                <line number="14" hits="0" branch="False" />
                <line number="16" hits="0" branch="False" />
                <line number="18" hits="0" branch="False" />
                <line number="20" hits="1" branch="False" />
              </lines>
            </method>
            <method line-rate="1" branch-rate="1" complexity="1" name="CalculateAdd" signature="(double, double)">
              <lines>
                <line number="22" hits="1" branch="False" />
              </lines>
            </method>
            <method line-rate="1" branch-rate="1" complexity="1" name="CalculateMultiply" signature="(double, double)">
              <lines>
                <line number="23" hits="1" branch="False" />
              </lines>
            </method>
            <method line-rate="0" branch-rate="1" complexity="1" name="CalculateSubtract" signature="(double, double)">
              <lines>
                <line number="24" hits="0" branch="False" />
              </lines>
            </method>
            <method line-rate="0" branch-rate="1" complexity="1" name="CalculateDivide" signature="(double, double)">
              <lines>
                <line number="25" hits="0" branch="False" />
              </lines>
            </method>
          </methods>
          <lines>
            <line number="6" hits="1" branch="False" />
            <line number="7" hits="1" branch="False" />
            <line number="10" hits="1" branch="False" />
            <line number="12" hits="1" branch="False" />
            <line number="14" hits="0" branch="False" />
            <line number="16" hits="0" branch="False" />
            <line number="18" hits="0" branch="False" />
            <line number="20" hits="1" branch="False" />
            <line number="22" hits="1" branch="False" />
            <line number="23" hits="1" branch="False" />
            <line number="24" hits="0" branch="False" />
            <line number="25" hits="0" branch="False" />
          </lines>
        </class>
      </classes>
    </package>
    <package line-rate="0.5714285714285714" branch-rate="1" complexity="2" name="Calculator.Console">
      <classes>
        <class line-rate="0.5714285714285714" branch-rate="1" complexity="2" name="Program" filename="/home/vsts/work/1/s/samples/Calculator/src/Calculator.Console/Program.cs">
          <methods>
            <method line-rate="0.7272727272727273" branch-rate="1" complexity="1" name="Main" signature="(string[])">
              <lines>
                <line number="6" hits="1" branch="False" />
                <line number="7" hits="1" branch="False" />
                <line number="8" hits="0" branch="False" />
                <line number="9" hits="0" branch="False" />
                <line number="10" hits="0" branch="False" />
                <line number="13" hits="1" branch="False" />
                <line number="14" hits="1" branch="False" />
                <line number="15" hits="1" branch="False" />
                <line number="17" hits="1" branch="False" />
                <line number="18" hits="1" branch="False" />
                <line number="19" hits="1" branch="False" />
              </lines>
            </method>
            <method line-rate="0" branch-rate="1" complexity="1" name="PrintHelp" signature="()">
              <lines>
                <line number="22" hits="0" branch="False" />
                <line number="23" hits="0" branch="False" />
                <line number="24" hits="0" branch="False" />
              </lines>
            </method>
          </methods>
          <lines>
            <line number="6" hits="1" branch="False" />
            <line number="7" hits="1" branch="False" />
            <line number="8" hits="0" branch="False" />
            <line number="9" hits="0" branch="False" />
            <line number="10" hits="0" branch="False" />
            <line number="13" hits="1" branch="False" />
            <line number="14" hits="1" branch="False" />
            <line number="15" hits="1" branch="False" />
            <line number="17" hits="1" branch="False" />
            <line number="18" hits="1" branch="False" />
            <line number="19" hits="1" branch="False" />
            <line number="22" hits="0" branch="False" />
            <line number="23" hits="0" branch="False" />
            <line number="24" hits="0" branch="False" />
          </lines>
        </class>
      </classes>
    </package>
  </packages>
</coverage>