<?xml version="1.0" encoding="utf-8" standalone="yes"?>
<coverage line-rate="0.8888888888888888" branch-rate="1" complexity="7" version="1.9" timestamp="1711367026" lines-covered="32" lines-valid="36">
  <packages>
    <package line-rate="0.8260869565217391" branch-rate="1" complexity="6" name="Algorithms.Core.NativeAot.Tests">
      <classes>
        <class line-rate="0" branch-rate="1" complexity="1" name="Microsoft.Testing.Framework.SourceGeneration.SourceGeneratedTestingPlatformBuilderHook" filename="/home/runner/work/codecoverage/codecoverage/samples/Algorithms/tests/Algorithms.Core.NativeAot.Tests/MSTest.SourceGeneration/Microsoft.Testing.Framework.SourceGeneration.TestNodesGenerator/SourceGeneratedTestingPlatformBuilderHook.g.cs">
          <methods>
            <method line-rate="0" branch-rate="1" complexity="1" name="AddExtensions" signature="(Microsoft.Testing.Platform.Builder.ITestApplicationBuilder, string[])">
              <lines>
                <line number="8" hits="0" branch="False" />
                <line number="9" hits="0" branch="False" />
                <line number="10" hits="0" branch="False" />
              </lines>
            </method>
          </methods>
          <lines>
            <line number="8" hits="0" branch="False" />
            <line number="9" hits="0" branch="False" />
            <line number="10" hits="0" branch="False" />
          </lines>
        </class>
        <class line-rate="1" branch-rate="1" complexity="4" name="Algorithms.Core.NativeAot.Tests.MergerTests" filename="/home/runner/work/codecoverage/codecoverage/samples/Algorithms/tests/Algorithms.Core.NativeAot.Tests/MergerTests.cs">
          <methods>
            <method line-rate="1" branch-rate="1" complexity="1" name="Test1" signature="()">
              <lines>
                <line number="11" hits="1" branch="False" />
                <line number="12" hits="1" branch="False" />
                <line number="13" hits="1" branch="False" />
              </lines>
            </method>
            <method line-rate="1" branch-rate="1" complexity="1" name="Test2" signature="()">
              <lines>
                <line number="18" hits="1" branch="False" />
                <line number="19" hits="1" branch="False" />
                <line number="20" hits="1" branch="False" />
              </lines>
            </method>
            <method line-rate="1" branch-rate="1" complexity="1" name="Test3" signature="()">
              <lines>
                <line number="25" hits="1" branch="False" />
                <line number="26" hits="1" branch="False" />
                <line number="27" hits="1" branch="False" />
              </lines>
            </method>
            <method line-rate="1" branch-rate="1" complexity="1" name="AssertArrays" signature="(int[], int[])">
              <lines>
                <line number="31" hits="1" branch="False" />
                <line number="32" hits="1" branch="False" />
                <line number="33" hits="1" branch="False" />
                <line number="34" hits="1" branch="False" />
              </lines>
            </method>
          </methods>
          <lines>
            <line number="11" hits="1" branch="False" />
            <line number="12" hits="1" branch="False" />
            <line number="13" hits="1" branch="False" />
            <line number="18" hits="1" branch="False" />
            <line number="19" hits="1" branch="False" />
            <line number="20" hits="1" branch="False" />
            <line number="25" hits="1" branch="False" />
            <line number="26" hits="1" branch="False" />
            <line number="27" hits="1" branch="False" />
            <line number="31" hits="1" branch="False" />
            <line number="32" hits="1" branch="False" />
            <line number="33" hits="1" branch="False" />
            <line number="34" hits="1" branch="False" />
          </lines>
        </class>
        <class line-rate="0.8571428571428571" branch-rate="1" complexity="1" name="Algorithms.Core.NativeAot.Tests.Program.&lt;Main&gt;d__0" filename="/home/runner/work/codecoverage/codecoverage/samples/Algorithms/tests/Algorithms.Core.NativeAot.Tests/Program.cs">
          <methods>
            <method line-rate="0.8571428571428571" branch-rate="1" complexity="1" name="MoveNext" signature="()">
              <lines>
                <line number="11" hits="1" branch="False" />
                <line number="12" hits="1" branch="False" />
                <line number="13" hits="1" branch="False" />
                <line number="14" hits="1" branch="False" />
                <line number="15" hits="1" branch="False" />
                <line number="16" hits="1" branch="False" />
                <line number="17" hits="0" branch="False" />
              </lines>
            </method>
          </methods>
          <lines>
            <line number="11" hits="1" branch="False" />
            <line number="12" hits="1" branch="False" />
            <line number="13" hits="1" branch="False" />
            <line number="14" hits="1" branch="False" />
            <line number="15" hits="1" branch="False" />
            <line number="16" hits="1" branch="False" />
            <line number="17" hits="0" branch="False" />
          </lines>
        </class>
      </classes>
    </package>
    <package line-rate="1" branch-rate="1" complexity="1" name="Algorithms.Core">
      <classes>
        <class line-rate="1" branch-rate="1" complexity="1" name="Algorithms.Core.Merger" filename="/home/runner/work/codecoverage/codecoverage/samples/Algorithms/src/Algorithms.Core/Merger.cs">
          <methods>
            <method line-rate="1" branch-rate="1" complexity="1" name="Merge" signature="(int[], int[])">
              <lines>
                <line number="7" hits="1" branch="False" />
                <line number="8" hits="1" branch="False" />
                <line number="9" hits="1" branch="False" />
                <line number="11" hits="1" branch="False" />
                <line number="13" hits="1" branch="False" />
                <line number="15" hits="1" branch="False" />
                <line number="16" hits="1" branch="False" />
                <line number="18" hits="1" branch="False" />
                <line number="21" hits="1" branch="False" />
                <line number="22" hits="1" branch="False" />
                <line number="24" hits="1" branch="False" />
                <line number="25" hits="1" branch="False" />
                <line number="27" hits="1" branch="False" />
              </lines>
            </method>
          </methods>
          <lines>
            <line number="7" hits="1" branch="False" />
            <line number="8" hits="1" branch="False" />
            <line number="9" hits="1" branch="False" />
            <line number="11" hits="1" branch="False" />
            <line number="13" hits="1" branch="False" />
            <line number="15" hits="1" branch="False" />
            <line number="16" hits="1" branch="False" />
            <line number="18" hits="1" branch="False" />
            <line number="21" hits="1" branch="False" />
            <line number="22" hits="1" branch="False" />
            <line number="24" hits="1" branch="False" />
            <line number="25" hits="1" branch="False" />
            <line number="27" hits="1" branch="False" />
          </lines>
        </class>
      </classes>
    </package>
  </packages>
</coverage>