<?xml version="1.0" encoding="utf-8" standalone="yes"?>
<coverage line-rate="0.2727272727272727" branch-rate="1" complexity="4" version="1.9" timestamp="1693491569" lines-covered="3" lines-valid="11">
  <packages>
    <package line-rate="0.2727272727272727" branch-rate="1" complexity="4" name="Calculator.Core">
      <classes>
        <class line-rate="0.2727272727272727" branch-rate="1" complexity="4" name="Calculator.Core.OperationCalculator" filename="/home/runner/work/codecoverage/codecoverage/samples/Calculator/src/Calculator.Core/OperationCalculator.cs">
          <methods>
            <method line-rate="0" branch-rate="1" complexity="1" name="Calculate" signature="(string, double, double)">
              <lines>
                <line number="6" hits="0" branch="False" />
                <line number="7" hits="0" branch="False" />
                <line number="10" hits="0" branch="False" />
                <line number="12" hits="0" branch="False" />
                <line number="14" hits="0" branch="False" />
                <line number="16" hits="0" branch="False" />
                <line number="18" hits="0" branch="False" />
                <line number="20" hits="0" branch="False" />
              </lines>
            </method>
            <method line-rate="1" branch-rate="1" complexity="1" name="CalculateAdd" signature="(double, double)">
              <lines>
                <line number="22" hits="1" branch="False" />
              </lines>
            </method>
            <method line-rate="1" branch-rate="1" complexity="1" name="CalculateMultiply" signature="(double, double)">
              <lines>
                <line number="23" hits="1" branch="False" />
              </lines>
            </method>
            <method line-rate="1" branch-rate="1" complexity="1" name="CalculateSubtract" signature="(double, double)">
              <lines>
                <line number="24" hits="1" branch="False" />
              </lines>
            </method>
          </methods>
          <lines>
            <line number="6" hits="0" branch="False" />
            <line number="7" hits="0" branch="False" />
            <line number="10" hits="0" branch="False" />
            <line number="12" hits="0" branch="False" />
            <line number="14" hits="0" branch="False" />
            <line number="16" hits="0" branch="False" />
            <line number="18" hits="0" branch="False" />
            <line number="20" hits="0" branch="False" />
            <line number="22" hits="1" branch="False" />
            <line number="23" hits="1" branch="False" />
            <line number="24" hits="1" branch="False" />
          </lines>
        </class>
      </classes>
    </package>
  </packages>
</coverage>