<?xml version="1.0" encoding="utf-8" standalone="yes"?>
<coverage line-rate="0.5714285714285714" branch-rate="0.9" complexity="20" version="1.9" timestamp="1697712501" lines-covered="24" lines-valid="42" branches-covered="9" branches-valid="10">
  <packages>
    <package line-rate="0.08333333333333333" branch-rate="1" complexity="5" name="Calculator.Core">
      <classes>
        <class line-rate="0.08333333333333333" branch-rate="1" complexity="5" name="Calculator.Core.OperationCalculator" filename="/home/runner/work/codecoverage/codecoverage/samples/Calculator/src/Calculator.Core/OperationCalculator.cs">
          <methods>
            <method line-rate="0" branch-rate="1" complexity="1" name="Calculate" signature="(string, double, double)">
              <lines>
                <line number="6" hits="0" branch="False" />
                <line number="7" hits="0" branch="False" />
                <line number="10" hits="0" branch="False" />
                <line number="12" hits="0" branch="False" />
                <line number="14" hits="0" branch="False" />
                <line number="16" hits="0" branch="False" />
                <line number="18" hits="0" branch="False" />
                <line number="20" hits="0" branch="False" />
              </lines>
            </method>
            <method line-rate="1" branch-rate="1" complexity="1" name="CalculateAdd" signature="(double, double)">
              <lines>
                <line number="22" hits="1" branch="False" />
              </lines>
            </method>
            <method line-rate="0" branch-rate="1" complexity="1" name="CalculateMultiply" signature="(double, double)">
              <lines>
                <line number="23" hits="0" branch="False" />
              </lines>
            </method>
            <method line-rate="0" branch-rate="1" complexity="1" name="CalculateSubtract" signature="(double, double)">
              <lines>
                <line number="24" hits="0" branch="False" />
              </lines>
            </method>
            <method line-rate="0" branch-rate="1" complexity="1" name="CalculateDivide" signature="(double, double)">
              <lines>
                <line number="25" hits="0" branch="False" />
              </lines>
            </method>
          </methods>
          <lines>
            <line number="6" hits="0" branch="False" />
            <line number="7" hits="0" branch="False" />
            <line number="10" hits="0" branch="False" />
            <line number="12" hits="0" branch="False" />
            <line number="14" hits="0" branch="False" />
            <line number="16" hits="0" branch="False" />
            <line number="18" hits="0" branch="False" />
            <line number="20" hits="0" branch="False" />
            <line number="22" hits="1" branch="False" />
            <line number="23" hits="0" branch="False" />
            <line number="24" hits="0" branch="False" />
            <line number="25" hits="0" branch="False" />
          </lines>
        </class>
      </classes>
    </package>
    <package line-rate="0.7894736842105263" branch-rate="0.5" complexity="3" name="Calculator.Server.IntegrationTests">
      <classes>
        <class line-rate="1" branch-rate="0.5" complexity="2" name="Calculator.Server.IntegrationTests.IntegrationTests" filename="/home/runner/work/codecoverage/codecoverage/samples/Calculator/tests/Calculator.Server.IntegrationTests/IntegrationTests.cs">
          <methods>
            <method line-rate="1" branch-rate="0.5" complexity="2" name=".ctor" signature="()">
              <lines>
                <line number="11" hits="1" branch="False" />
                <line number="12" hits="1" branch="False" />
                <line number="13" hits="1" branch="True" condition-coverage="50% (1/2)">
                  <conditions>
                    <condition number="0" type="jump" coverage="50%" />
                  </conditions>
                </line>
                <line number="15" hits="1" branch="False" />
                <line number="16" hits="1" branch="False" />
                <line number="17" hits="1" branch="False" />
                <line number="18" hits="1" branch="False" />
                <line number="19" hits="1" branch="False" />
              </lines>
            </method>
          </methods>
          <lines>
            <line number="11" hits="1" branch="False" />
            <line number="12" hits="1" branch="False" />
            <line number="13" hits="1" branch="True" condition-coverage="50% (1/2)">
              <conditions>
                <condition number="0" type="jump" coverage="50%" />
              </conditions>
            </line>
            <line number="15" hits="1" branch="False" />
            <line number="16" hits="1" branch="False" />
            <line number="17" hits="1" branch="False" />
            <line number="18" hits="1" branch="False" />
            <line number="19" hits="1" branch="False" />
          </lines>
        </class>
        <class line-rate="0.6363636363636364" branch-rate="1" complexity="1" name="Calculator.Server.IntegrationTests.IntegrationTests.&lt;TestOperations&gt;d__2" filename="/home/runner/work/codecoverage/codecoverage/samples/Calculator/tests/Calculator.Server.IntegrationTests/IntegrationTests.cs">
          <methods>
            <method line-rate="0.6363636363636364" branch-rate="1" complexity="1" name="MoveNext" signature="()">
              <lines>
                <line number="28" hits="1" branch="False" />
                <line number="30" hits="1" branch="False" />
                <line number="32" hits="1" branch="False" />
                <line number="35" hits="1" branch="False" />
                <line number="36" hits="1" branch="False" />
                <line number="37" hits="1" branch="False" />
                <line number="38" hits="0" branch="False" />
                <line number="39" hits="0" branch="False" />
                <line number="40" hits="0" branch="False" />
                <line number="41" hits="0" branch="False" />
                <line number="42" hits="1" branch="False" />
              </lines>
            </method>
          </methods>
          <lines>
            <line number="28" hits="1" branch="False" />
            <line number="30" hits="1" branch="False" />
            <line number="32" hits="1" branch="False" />
            <line number="35" hits="1" branch="False" />
            <line number="36" hits="1" branch="False" />
            <line number="37" hits="1" branch="False" />
            <line number="38" hits="0" branch="False" />
            <line number="39" hits="0" branch="False" />
            <line number="40" hits="0" branch="False" />
            <line number="41" hits="0" branch="False" />
            <line number="42" hits="1" branch="False" />
          </lines>
        </class>
      </classes>
    </package>
    <package line-rate="0.7272727272727273" branch-rate="1" complexity="12" name="Calculator.Server">
      <classes>
        <class line-rate="1" branch-rate="1" complexity="8" name="Program" filename="/home/runner/work/codecoverage/codecoverage/samples/Calculator/src/Calculator.Server/Program.cs">
          <methods>
            <method line-rate="1" branch-rate="1" complexity="8" name="&lt;Main&gt;$" signature="(string[])">
              <lines>
                <line number="3" hits="1" branch="False" />
                <line number="4" hits="1" branch="False" />
                <line number="6" hits="1" branch="True" condition-coverage="100% (2/2)">
                  <conditions>
                    <condition number="0" type="jump" coverage="100%" />
                  </conditions>
                </line>
                <line number="7" hits="1" branch="True" condition-coverage="100% (2/2)">
                  <conditions>
                    <condition number="0" type="jump" coverage="100%" />
                  </conditions>
                </line>
                <line number="8" hits="1" branch="True" condition-coverage="100% (2/2)">
                  <conditions>
                    <condition number="0" type="jump" coverage="100%" />
                  </conditions>
                </line>
                <line number="9" hits="1" branch="True" condition-coverage="100% (2/2)">
                  <conditions>
                    <condition number="0" type="jump" coverage="100%" />
                  </conditions>
                </line>
                <line number="11" hits="1" branch="False" />
              </lines>
            </method>
          </methods>
          <lines>
            <line number="3" hits="1" branch="False" />
            <line number="4" hits="1" branch="False" />
            <line number="6" hits="1" branch="True" condition-coverage="100% (2/2)">
              <conditions>
                <condition number="0" type="jump" coverage="100%" />
              </conditions>
            </line>
            <line number="7" hits="1" branch="True" condition-coverage="100% (2/2)">
              <conditions>
                <condition number="0" type="jump" coverage="100%" />
              </conditions>
            </line>
            <line number="8" hits="1" branch="True" condition-coverage="100% (2/2)">
              <conditions>
                <condition number="0" type="jump" coverage="100%" />
              </conditions>
            </line>
            <line number="9" hits="1" branch="True" condition-coverage="100% (2/2)">
              <conditions>
                <condition number="0" type="jump" coverage="100%" />
              </conditions>
            </line>
            <line number="11" hits="1" branch="False" />
          </lines>
        </class>
        <class line-rate="0.25" branch-rate="1" complexity="4" name="Program.&lt;&gt;c" filename="/home/runner/work/codecoverage/codecoverage/samples/Calculator/src/Calculator.Server/Program.cs">
          <methods>
            <method line-rate="1" branch-rate="1" complexity="1" name="&lt;&lt;Main&gt;$&gt;b__0_0" signature="(double, double)">
              <lines>
                <line number="6" hits="1" branch="False" />
              </lines>
            </method>
            <method line-rate="0" branch-rate="1" complexity="1" name="&lt;&lt;Main&gt;$&gt;b__0_1" signature="(double, double)">
              <lines>
                <line number="7" hits="0" branch="False" />
              </lines>
            </method>
            <method line-rate="0" branch-rate="1" complexity="1" name="&lt;&lt;Main&gt;$&gt;b__0_2" signature="(double, double)">
              <lines>
                <line number="8" hits="0" branch="False" />
              </lines>
            </method>
            <method line-rate="0" branch-rate="1" complexity="1" name="&lt;&lt;Main&gt;$&gt;b__0_3" signature="(double, double)">
              <lines>
                <line number="9" hits="0" branch="False" />
              </lines>
            </method>
          </methods>
          <lines>
            <line number="6" hits="1" branch="False" />
            <line number="7" hits="0" branch="False" />
            <line number="8" hits="0" branch="False" />
            <line number="9" hits="0" branch="False" />
          </lines>
        </class>
      </classes>
    </package>
  </packages>
</coverage>